# JRE version: OpenJDK Runtime Environment Temurin-22.0.2+9 (22.0.2+9) (build 22.0.2+9)
# Java VM: OpenJDK 64-Bit Server VM Temurin-22.0.2+9 (22.0.2+9, mixed mode, tiered, compressed oops, compressed class ptrs, g1 gc, bsd-amd64)
Heap:
 garbage-first heap   total reserved 4194304K, committed 24576K, used 9481K [0x0000000700000000, 0x0000000800000000)
  region size 2048K, 2 young (4096K), 1 survivors (2048K)
 Metaspace       used 26577K, committed 26880K, reserved 1114112K
  class space    used 2784K, committed 2944K, reserved 1048576K
GC Heap History (20 events):
Event: 2492.020 GC heap before
{Heap before GC invocations=39 (full 0):
 garbage-first heap   total reserved 4194304K, committed 24576K, used 18064K [0x0000000700000000, 0x0000000800000000)
  region size 2048K, 6 young (12288K), 1 survivors (2048K)
 Metaspace       used 26576K, committed 26880K, reserved 1114112K
  class space    used 2784K, committed 2944K, reserved 1048576K
}
Event: 2492.028 GC heap after
{Heap after GC invocations=40 (full 0):
 garbage-first heap   total reserved 4194304K, committed 24576K, used 7826K [0x0000000700000000, 0x0000000800000000)
  region size 2048K, 1 young (2048K), 1 survivors (2048K)
 Metaspace       used 26576K, committed 26880K, reserved 1114112K
  class space    used 2784K, committed 2944K, reserved 1048576K
}
Event: 2562.288 GC heap before
{Heap before GC invocations=40 (full 0):
 garbage-first heap   total reserved 4194304K, committed 24576K, used 18066K [0x0000000700000000, 0x0000000800000000)
  region size 2048K, 6 young (12288K), 1 survivors (2048K)
 Metaspace       used 26577K, committed 26880K, reserved 1114112K
  class space    used 2784K, committed 2944K, reserved 1048576K
}
Event: 2562.298 GC heap after
{Heap after GC invocations=41 (full 0):
 garbage-first heap   total reserved 4194304K, committed 24576K, used 7826K [0x0000000700000000, 0x0000000800000000)
  region size 2048K, 1 young (2048K), 1 survivors (2048K)
 Metaspace       used 26577K, committed 26880K, reserved 1114112K
  class space    used 2784K, committed 2944K, reserved 1048576K
}
Event: 2632.499 GC heap before
{Heap before GC invocations=41 (full 0):
 garbage-first heap   total reserved 4194304K, committed 24576K, used 18066K [0x0000000700000000, 0x0000000800000000)
  region size 2048K, 6 young (12288K), 1 survivors (2048K)
 Metaspace       used 26577K, committed 26880K, reserved 1114112K
  class space    used 2784K, committed 2944K, reserved 1048576K
}
Event: 2632.502 GC heap after
{Heap after GC invocations=42 (full 0):
 garbage-first heap   total reserved 4194304K, committed 24576K, used 7826K [0x0000000700000000, 0x0000000800000000)
  region size 2048K, 1 young (2048K), 1 survivors (2048K)
 Metaspace       used 26577K, committed 26880K, reserved 1114112K
  class space    used 2784K, committed 2944K, reserved 1048576K
}
Event: 2702.586 GC heap before
{Heap before GC invocations=42 (full 0):
 garbage-first heap   total reserved 4194304K, committed 24576K, used 18066K [0x0000000700000000, 0x0000000800000000)
  region size 2048K, 6 young (12288K), 1 survivors (2048K)
 Metaspace       used 26577K, committed 26880K, reserved 1114112K
  class space    used 2784K, committed 2944K, reserved 1048576K
}
Event: 2702.591 GC heap after
{Heap after GC invocations=43 (full 0):
 garbage-first heap   total reserved 4194304K, committed 24576K, used 7826K [0x0000000700000000, 0x0000000800000000)
  region size 2048K, 1 young (2048K), 1 survivors (2048K)
 Metaspace       used 26577K, committed 26880K, reserved 1114112K
  class space    used 2784K, committed 2944K, reserved 1048576K
}
Event: 2772.859 GC heap before
{Heap before GC invocations=43 (full 0):
 garbage-first heap   total reserved 4194304K, committed 24576K, used 18066K [0x0000000700000000, 0x0000000800000000)
  region size 2048K, 6 young (12288K), 1 survivors (2048K)
 Metaspace       used 26577K, committed 26880K, reserved 1114112K
  class space    used 2784K, committed 2944K, reserved 1048576K
}
Event: 2772.863 GC heap after
{Heap after GC invocations=44 (full 0):
 garbage-first heap   total reserved 4194304K, committed 24576K, used 7828K [0x0000000700000000, 0x0000000800000000)
  region size 2048K, 1 young (2048K), 1 survivors (2048K)
 Metaspace       used 26577K, committed 26880K, reserved 1114112K
  class space    used 2784K, committed 2944K, reserved 1048576K
}
Event: 2843.142 GC heap before
{Heap before GC invocations=44 (full 0):
 garbage-first heap   total reserved 4194304K, committed 24576K, used 18068K [0x0000000700000000, 0x0000000800000000)
  region size 2048K, 6 young (12288K), 1 survivors (2048K)
 Metaspace       used 26577K, committed 26880K, reserved 1114112K
  class space    used 2784K, committed 2944K, reserved 1048576K
}
Event: 2843.146 GC heap after
{Heap after GC invocations=45 (full 0):
 garbage-first heap   total reserved 4194304K, committed 24576K, used 7831K [0x0000000700000000, 0x0000000800000000)
  region size 2048K, 1 young (2048K), 1 survivors (2048K)
 Metaspace       used 26577K, committed 26880K, reserved 1114112K
  class space    used 2784K, committed 2944K, reserved 1048576K
}
Event: 2913.344 GC heap before
{Heap before GC invocations=45 (full 0):
 garbage-first heap   total reserved 4194304K, committed 24576K, used 18071K [0x0000000700000000, 0x0000000800000000)
  region size 2048K, 6 young (12288K), 1 survivors (2048K)
 Metaspace       used 26577K, committed 26880K, reserved 1114112K
  class space    used 2784K, committed 2944K, reserved 1048576K
}
Event: 2913.356 GC heap after
{Heap after GC invocations=46 (full 0):
 garbage-first heap   total reserved 4194304K, committed 24576K, used 7828K [0x0000000700000000, 0x0000000800000000)
  region size 2048K, 1 young (2048K), 1 survivors (2048K)
 Metaspace       used 26577K, committed 26880K, reserved 1114112K
  class space    used 2784K, committed 2944K, reserved 1048576K
}
Event: 2983.571 GC heap before
{Heap before GC invocations=46 (full 0):
 garbage-first heap   total reserved 4194304K, committed 24576K, used 18068K [0x0000000700000000, 0x0000000800000000)
  region size 2048K, 6 young (12288K), 1 survivors (2048K)
 Metaspace       used 26577K, committed 26880K, reserved 1114112K
  class space    used 2784K, committed 2944K, reserved 1048576K
}
Event: 2983.573 GC heap after
{Heap after GC invocations=47 (full 0):
 garbage-first heap   total reserved 4194304K, committed 24576K, used 7828K [0x0000000700000000, 0x0000000800000000)
  region size 2048K, 1 young (2048K), 1 survivors (2048K)
 Metaspace       used 26577K, committed 26880K, reserved 1114112K
  class space    used 2784K, committed 2944K, reserved 1048576K
}
Event: 3054.458 GC heap before
{Heap before GC invocations=47 (full 0):
 garbage-first heap   total reserved 4194304K, committed 24576K, used 18068K [0x0000000700000000, 0x0000000800000000)
  region size 2048K, 6 young (12288K), 1 survivors (2048K)
 Metaspace       used 26577K, committed 26880K, reserved 1114112K
  class space    used 2784K, committed 2944K, reserved 1048576K
}
Event: 3054.464 GC heap after
{Heap after GC invocations=48 (full 0):
 garbage-first heap   total reserved 4194304K, committed 24576K, used 7828K [0x0000000700000000, 0x0000000800000000)
  region size 2048K, 1 young (2048K), 1 survivors (2048K)
 Metaspace       used 26577K, committed 26880K, reserved 1114112K
  class space    used 2784K, committed 2944K, reserved 1048576K
}
Event: 3127.342 GC heap before
{Heap before GC invocations=48 (full 0):
 garbage-first heap   total reserved 4194304K, committed 24576K, used 18068K [0x0000000700000000, 0x0000000800000000)
  region size 2048K, 6 young (12288K), 1 survivors (2048K)
 Metaspace       used 26577K, committed 26880K, reserved 1114112K
  class space    used 2784K, committed 2944K, reserved 1048576K
}
Event: 3127.344 GC heap after
{Heap after GC invocations=49 (full 0):
 garbage-first heap   total reserved 4194304K, committed 24576K, used 7831K [0x0000000700000000, 0x0000000800000000)
  region size 2048K, 1 young (2048K), 1 survivors (2048K)
 Metaspace       used 26577K, committed 26880K, reserved 1114112K
  class space    used 2784K, committed 2944K, reserved 1048576K
}

